<?xml version="1.0" encoding="UTF-8"?>
<!-- Generated by org.testng.reporters.JUnitXMLReporter -->
<testsuite ignored="0" hostname="DESKTOP-PGJIAOP" failures="2" tests="4" name="Test" time="37.468" errors="0" timestamp="2024-01-17T15:17:38 IST">
  <testcase classname="automation.test.TestCase1" name="enteringCredentials" time="0.749">
    <skipped/>
  </testcase> <!-- enteringCredentials -->
  <testcase classname="automation.test.TestCase1" name="enteringCredentials" time="0.272">
    <failure type="java.lang.NoSuchFieldError" message="Factory">
      <![CDATA[java.lang.NoSuchFieldError: Factory
at org.apache.poi.xssf.model.ThemesTable.readFrom(ThemesTable.java:119)
at org.apache.poi.xssf.model.ThemesTable.<init>(ThemesTable.java:87)
at org.apache.poi.ooxml.POIXMLFactory.createDocumentPart(POIXMLFactory.java:61)
at org.apache.poi.ooxml.POIXMLDocumentPart.read(POIXMLDocumentPart.java:662)
at org.apache.poi.ooxml.POIXMLDocument.load(POIXMLDocument.java:165)
at org.apache.poi.xssf.usermodel.XSSFWorkbook.<init>(XSSFWorkbook.java:260)
at org.apache.poi.xssf.usermodel.XSSFWorkbook.<init>(XSSFWorkbook.java:313)
at org.apache.poi.xssf.usermodel.XSSFWorkbook.<init>(XSSFWorkbook.java:287)
at pageEvents.LoginPageEvents.getDataFromExcel(LoginPageEvents.java:40)
at automation.test.TestCase1.enteringCredentials(TestCase1.java:42)
at java.base/java.util.ArrayList.forEach(ArrayList.java:1511)
... Removed 31 stack frames]]>
    </failure>
  </testcase> <!-- enteringCredentials -->
  <testcase classname="automation.test.TestCase1" name="notEnteringCredentials" time="0.274">
    <skipped/>
  </testcase> <!-- notEnteringCredentials -->
  <testcase classname="automation.test.TestCase1" name="notEnteringCredentials" time="0.274">
    <failure type="java.lang.NoSuchFieldError" message="Factory">
      <![CDATA[java.lang.NoSuchFieldError: Factory
at org.apache.poi.xssf.model.ThemesTable.readFrom(ThemesTable.java:119)
at org.apache.poi.xssf.model.ThemesTable.<init>(ThemesTable.java:87)
at org.apache.poi.ooxml.POIXMLFactory.createDocumentPart(POIXMLFactory.java:61)
at org.apache.poi.ooxml.POIXMLDocumentPart.read(POIXMLDocumentPart.java:662)
at org.apache.poi.ooxml.POIXMLDocument.load(POIXMLDocument.java:165)
at org.apache.poi.xssf.usermodel.XSSFWorkbook.<init>(XSSFWorkbook.java:260)
at org.apache.poi.xssf.usermodel.XSSFWorkbook.<init>(XSSFWorkbook.java:313)
at org.apache.poi.xssf.usermodel.XSSFWorkbook.<init>(XSSFWorkbook.java:287)
at pageEvents.LoginPageEvents.getDataFromExcel(LoginPageEvents.java:40)
at automation.test.TestCase1.notEnteringCredentials(TestCase1.java:58)
at java.base/java.util.ArrayList.forEach(ArrayList.java:1511)
... Removed 31 stack frames]]>
    </failure>
  </testcase> <!-- notEnteringCredentials -->
</testsuite> <!-- Test -->
